<?xml version="1.0" encoding="UTF-8" ?>
<testsuite tests="5" failures="0" name="GestioneUtente.dao.AmministratoreDaoImplTest" time="0.015" errors="0" skipped="0">
  <properties>
[...]
</properties>
  <testcase classname="GestioneUtente.dao.AmministratoreDaoImplTest" name="doRetrieveByEmailTest" time="0.002"/>
  <testcase classname="GestioneUtente.dao.AmministratoreDaoImplTest" name="doRetrieveByEmailPasswordTest" time="0.001"/>
  <testcase classname="GestioneUtente.dao.AmministratoreDaoImplTest" name="doRetrieveAllTest" time="0.001"/>
  <testcase classname="GestioneUtente.dao.AmministratoreDaoImplTest" name="doUpdateTest" time="0.003"/>
  <testcase classname="GestioneUtente.dao.AmministratoreDaoImplTest" name="doSaveTest" time="0.008"/>
</testsuite>